BenePicture/app/build/intermediates/manifest_merge_blame_file/debug/manifest-merger-blame-debug-report.txt
1<?xml version="1.0" encoding="utf-8"?>
2<manifest xmlns:android="http://schemas.android.com/apk/res/android"
3    package="com.bene.pictures"
4    android:versionCode="1"
5    android:versionName="1.0.0" >
6
7    <uses-sdk
8        android:minSdkVersion="21"
8-->src\main\AndroidManifest.xml
9        android:targetSdkVersion="28" />
9-->src\main\AndroidManifest.xml
10
11    <uses-permission android:name="android.permission.ACCESS_WIFI_STATE" />
11-->src\main\AndroidManifest.xml:5:5-76
11-->src\main\AndroidManifest.xml:5:22-73
12    <uses-permission android:name="android.permission.CHANGE_WIFI_STATE" />
12-->src\main\AndroidManifest.xml:6:5-76
12-->src\main\AndroidManifest.xml:6:22-73
13    <uses-permission android:name="android.permission.INTERNET" />
13-->src\main\AndroidManifest.xml:7:5-66
13-->src\main\AndroidManifest.xml:7:22-64
14    <uses-permission android:name="android.permission.ACCESS_NETWORK_STATE" />
14-->src\main\AndroidManifest.xml:8:5-79
14-->src\main\AndroidManifest.xml:8:22-76
15    <uses-permission android:name="android.permission.CHANGE_NETWORK_STATE" />
15-->src\main\AndroidManifest.xml:9:5-79
15-->src\main\AndroidManifest.xml:9:22-76
16    <uses-permission android:name="android.permission.READ_PHONE_STATE" />
16-->src\main\AndroidManifest.xml:10:5-75
16-->src\main\AndroidManifest.xml:10:22-72
17    <uses-permission android:name="android.permission.READ_EXTERNAL_STORAGE" />
17-->src\main\AndroidManifest.xml:11:5-80
17-->src\main\AndroidManifest.xml:11:22-77
18    <uses-permission android:name="android.permission.WRITE_EXTERNAL_STORAGE" />
18-->src\main\AndroidManifest.xml:12:5-81
18-->src\main\AndroidManifest.xml:12:22-78
19    <uses-permission android:name="android.permission.READ_SMS" />
19-->src\main\AndroidManifest.xml:13:5-67
19-->src\main\AndroidManifest.xml:13:22-64
20    <uses-permission android:name="android.permission.CAMERA" />
20-->src\main\AndroidManifest.xml:14:5-65
20-->src\main\AndroidManifest.xml:14:22-62
21    <uses-permission android:name="android.permission.GET_ACCOUNTS" />
21-->src\main\AndroidManifest.xml:15:5-71
21-->src\main\AndroidManifest.xml:15:22-68
22    <uses-permission android:name="android.permission.READ_CONTACTS" />
22-->src\main\AndroidManifest.xml:16:5-72
22-->src\main\AndroidManifest.xml:16:22-69
23    <uses-permission android:name="android.permission.USE_FINGERPRINT" />
23-->src\main\AndroidManifest.xml:17:5-74
23-->src\main\AndroidManifest.xml:17:22-71
24    <uses-permission android:name="android.permission.ACCESS_FINE_LOCATION" />
24-->src\main\AndroidManifest.xml:18:5-79
24-->src\main\AndroidManifest.xml:18:22-76
25    <uses-permission android:name="android.permission.ACCESS_COARSE_LOCATION" />
25-->src\main\AndroidManifest.xml:19:5-81
25-->src\main\AndroidManifest.xml:19:22-78
26
27    <uses-feature android:name="android.hardware.camera" />
27-->src\main\AndroidManifest.xml:23:5-60
27-->src\main\AndroidManifest.xml:23:19-57
28    <uses-feature android:name="android.hardware.camera.autofocus" />
28-->src\main\AndroidManifest.xml:24:5-70
28-->src\main\AndroidManifest.xml:24:19-67
29
30    <uses-permission android:name="android.permission.WAKE_LOCK" />
30-->[com.google.firebase:firebase-measurement-connector-impl:17.0.4] AndroidManifest.xml:24:5-68
30-->[com.google.firebase:firebase-measurement-connector-impl:17.0.4] AndroidManifest.xml:24:22-65
31    <uses-permission android:name="com.google.android.finsky.permission.BIND_GET_INSTALL_REFERRER_SERVICE" /> <!-- Required by older versions of Google Play services to create IID tokens -->
31-->[com.google.firebase:firebase-analytics:16.0.6] AndroidManifest.xml:26:5-110
31-->[com.google.firebase:firebase-analytics:16.0.6] AndroidManifest.xml:26:22-107
32    <uses-permission android:name="com.google.android.c2dm.permission.RECEIVE" />
32-->[com.google.firebase:firebase-iid:17.0.4] AndroidManifest.xml:26:5-82
32-->[com.google.firebase:firebase-iid:17.0.4] AndroidManifest.xml:26:22-79
33    <uses-permission android:name="android.permission.RECORD_AUDIO" />
33-->[:album-2.1.3:] AndroidManifest.xml:27:5-71
33-->[:album-2.1.3:] AndroidManifest.xml:27:22-68
34
35    <application
35-->src\main\AndroidManifest.xml:26:5-191:19
36        android:name="com.bene.pictures.MyApplication"
36-->src\main\AndroidManifest.xml:27:9-38
37        android:allowBackup="true"
37-->src\main\AndroidManifest.xml:28:9-35
38        android:debuggable="true"
39        android:icon="@mipmap/ic_launcher"
39-->src\main\AndroidManifest.xml:29:9-43
40        android:label="@string/app_name"
40-->src\main\AndroidManifest.xml:30:9-41
41        android:largeHeap="true"
41-->src\main\AndroidManifest.xml:31:9-33
42        android:roundIcon="@mipmap/ic_launcher_round"
42-->src\main\AndroidManifest.xml:32:9-54
43        android:supportsRtl="true"
43-->src\main\AndroidManifest.xml:33:9-35
44        android:testOnly="true"
45        android:theme="@style/AppTheme" >
45-->src\main\AndroidManifest.xml:34:9-40
46        <activity android:name="com.bene.pictures.ui.main.takereward.RewardPickerActivity" />
46-->src\main\AndroidManifest.xml:35:9-86
46-->src\main\AndroidManifest.xml:35:19-74
47
48        <uses-library
48-->src\main\AndroidManifest.xml:37:9-39:40
49            android:name="org.apache.http.legacy"
49-->src\main\AndroidManifest.xml:38:13-50
50            android:required="false" />
50-->src\main\AndroidManifest.xml:39:13-37
51
52        <activity android:name="com.bene.pictures.ui.splash.SplashActivity" >
52-->src\main\AndroidManifest.xml:41:9-48:20
52-->src\main\AndroidManifest.xml:41:19-59
53            <intent-filter>
53-->src\main\AndroidManifest.xml:42:13-46:29
54                <action android:name="android.intent.action.MAIN" />
54-->src\main\AndroidManifest.xml:43:17-69
54-->src\main\AndroidManifest.xml:43:25-66
55
56                <category android:name="android.intent.category.LAUNCHER" />
56-->src\main\AndroidManifest.xml:45:17-77
56-->src\main\AndroidManifest.xml:45:27-74
57            </intent-filter>
58        </activity>
59
60        <!-- 페이스북 관련 -->
61
62        <meta-data
62-->src\main\AndroidManifest.xml:52:9-53:48
63            android:name="com.facebook.accountkit.ApplicationName"
63-->src\main\AndroidManifest.xml:52:20-74
64            android:value="@string/app_name" />
64-->src\main\AndroidManifest.xml:53:13-45
65        <meta-data
65-->src\main\AndroidManifest.xml:54:9-55:55
66            android:name="com.facebook.sdk.ApplicationId"
66-->src\main\AndroidManifest.xml:54:20-65
67            android:value="@string/FACEBOOK_APP_ID" />
67-->src\main\AndroidManifest.xml:55:13-52
68        <meta-data
68-->src\main\AndroidManifest.xml:56:9-57:64
69            android:name="com.facebook.accountkit.ClientToken"
69-->src\main\AndroidManifest.xml:56:20-70
70            android:value="@string/ACCOUNT_KIT_CLIENT_TOKEN" />
70-->src\main\AndroidManifest.xml:57:13-61
71
72        <activity
72-->src\main\AndroidManifest.xml:58:9-59:76
73            android:name="com.facebook.accountkit.ui.AccountKitActivity"
73-->src\main\AndroidManifest.xml:59:13-73
74            android:label="@string/com_accountkit_button_log_in"
74-->[com.facebook.android:account-kit-sdk:5.4.0] AndroidManifest.xml:31:13-65
75            android:launchMode="singleTop"
75-->[com.facebook.android:account-kit-sdk:5.4.0] AndroidManifest.xml:32:13-43
76            android:theme="@style/Theme.AccountKit"
76-->[com.facebook.android:account-kit-sdk:5.4.0] AndroidManifest.xml:33:13-52
77            android:windowSoftInputMode="adjustResize" />
77-->[com.facebook.android:account-kit-sdk:5.4.0] AndroidManifest.xml:34:13-55
78
79        <!-- 카카오톡 관련 추가 -->
80        <meta-data
80-->src\main\AndroidManifest.xml:62:9-64:53
81            android:name="com.kakao.sdk.AppKey"
81-->src\main\AndroidManifest.xml:63:13-48
82            android:value="@string/kakao_app_key" />
82-->src\main\AndroidManifest.xml:64:13-50
83
84        <activity
84-->src\main\AndroidManifest.xml:65:9-68:73
85            android:name="com.bene.pictures.ui.login.LoginActivity"
85-->src\main\AndroidManifest.xml:66:13-51
86            android:screenOrientation="portrait"
86-->src\main\AndroidManifest.xml:67:13-49
87            android:windowSoftInputMode="stateAlwaysHidden|adjustPan" />
87-->src\main\AndroidManifest.xml:68:13-70
88        <activity
88-->src\main\AndroidManifest.xml:69:9-72:73
89            android:name="com.bene.pictures.ui.join.JoinAgreeActivity"
89-->src\main\AndroidManifest.xml:70:13-54
90            android:screenOrientation="portrait"
90-->src\main\AndroidManifest.xml:71:13-49
91            android:windowSoftInputMode="stateAlwaysHidden|adjustPan" />
91-->src\main\AndroidManifest.xml:72:13-70
92        <activity
92-->src\main\AndroidManifest.xml:73:9-76:73
93            android:name="com.bene.pictures.ui.join.JoinRegActivity"
93-->src\main\AndroidManifest.xml:74:13-52
94            android:screenOrientation="portrait"
94-->src\main\AndroidManifest.xml:75:13-49
95            android:windowSoftInputMode="stateAlwaysHidden|adjustPan" />
95-->src\main\AndroidManifest.xml:76:13-70
96        <activity
96-->src\main\AndroidManifest.xml:77:9-80:73
97            android:name="com.bene.pictures.ui.login.IdFindActivity"
97-->src\main\AndroidManifest.xml:78:13-52
98            android:screenOrientation="portrait"
98-->src\main\AndroidManifest.xml:79:13-49
99            android:windowSoftInputMode="stateAlwaysHidden|adjustPan" />
99-->src\main\AndroidManifest.xml:80:13-70
100        <activity
100-->src\main\AndroidManifest.xml:81:9-84:73
101            android:name="com.bene.pictures.ui.login.PwdFindActivity"
101-->src\main\AndroidManifest.xml:82:13-53
102            android:screenOrientation="portrait"
102-->src\main\AndroidManifest.xml:83:13-49
103            android:windowSoftInputMode="stateAlwaysHidden|adjustPan" />
103-->src\main\AndroidManifest.xml:84:13-70
104        <activity
104-->src\main\AndroidManifest.xml:85:9-88:73
105            android:name="com.bene.pictures.ui.login.PwdChangeActivity"
105-->src\main\AndroidManifest.xml:86:13-55
106            android:screenOrientation="portrait"
106-->src\main\AndroidManifest.xml:87:13-49
107            android:windowSoftInputMode="stateAlwaysHidden|adjustPan" />
107-->src\main\AndroidManifest.xml:88:13-70
108        <activity
108-->src\main\AndroidManifest.xml:89:9-92:73
109            android:name="com.bene.pictures.ui.main.MainActivity"
109-->src\main\AndroidManifest.xml:90:13-49
110            android:screenOrientation="portrait"
110-->src\main\AndroidManifest.xml:91:13-49
111            android:windowSoftInputMode="stateAlwaysHidden|adjustPan" />
111-->src\main\AndroidManifest.xml:92:13-70
112        <activity
112-->src\main\AndroidManifest.xml:93:9-95:59
113            android:name="com.bene.pictures.ui.dialog.ConfirmDialogActivity"
113-->src\main\AndroidManifest.xml:94:13-60
114            android:theme="@style/AppTheme.Translucent" />
114-->src\main\AndroidManifest.xml:95:13-56
115        <activity
115-->src\main\AndroidManifest.xml:96:9-99:73
116            android:name="com.bene.pictures.ui.dialog.SignOutActivity"
116-->src\main\AndroidManifest.xml:97:13-54
117            android:theme="@style/AppTheme.Translucent"
117-->src\main\AndroidManifest.xml:98:13-56
118            android:windowSoftInputMode="stateAlwaysHidden|adjustPan" />
118-->src\main\AndroidManifest.xml:99:13-70
119        <activity
119-->src\main\AndroidManifest.xml:100:9-102:52
120            android:name="com.bene.pictures.ui.main.adver.VideoAdverViewActivity"
120-->src\main\AndroidManifest.xml:101:13-65
121            android:screenOrientation="portrait" />
121-->src\main\AndroidManifest.xml:102:13-49
122        <activity
122-->src\main\AndroidManifest.xml:103:9-106:73
123            android:name="com.bene.pictures.ui.setting.AppAlarmSettingActivity"
123-->src\main\AndroidManifest.xml:104:13-63
124            android:screenOrientation="portrait"
124-->src\main\AndroidManifest.xml:105:13-49
125            android:windowSoftInputMode="stateAlwaysHidden|adjustPan" />
125-->src\main\AndroidManifest.xml:106:13-70
126        <activity
126-->src\main\AndroidManifest.xml:107:9-110:73
127            android:name="com.bene.pictures.ui.setting.ProfileSettingActivity"
127-->src\main\AndroidManifest.xml:108:13-62
128            android:screenOrientation="portrait"
128-->src\main\AndroidManifest.xml:109:13-49
129            android:windowSoftInputMode="stateAlwaysHidden|adjustPan" />
129-->src\main\AndroidManifest.xml:110:13-70
130        <activity
130-->src\main\AndroidManifest.xml:111:9-114:73
131            android:name="com.bene.pictures.ui.main.msgbox.MsgBoxActivity"
131-->src\main\AndroidManifest.xml:112:13-58
132            android:screenOrientation="portrait"
132-->src\main\AndroidManifest.xml:113:13-49
133            android:windowSoftInputMode="stateAlwaysHidden|adjustPan" />
133-->src\main\AndroidManifest.xml:114:13-70
134        <activity
134-->src\main\AndroidManifest.xml:115:9-129:20
135            android:name="com.bene.pictures.ui.main.friendlist.FriendListActivity"
135-->src\main\AndroidManifest.xml:116:13-66
136            android:windowSoftInputMode="stateAlwaysHidden|adjustPan" >
136-->src\main\AndroidManifest.xml:117:13-70
137
138            <!-- 카카오톡 링크 관련 추가 -->
139            <intent-filter>
139-->src\main\AndroidManifest.xml:119:13-128:29
140                <action android:name="android.intent.action.VIEW" />
140-->src\main\AndroidManifest.xml:120:17-69
140-->src\main\AndroidManifest.xml:120:25-66
141
142                <category android:name="android.intent.category.DEFAULT" />
142-->src\main\AndroidManifest.xml:122:17-76
142-->src\main\AndroidManifest.xml:122:27-73
143                <category android:name="android.intent.category.BROWSABLE" />
143-->src\main\AndroidManifest.xml:123:17-78
143-->src\main\AndroidManifest.xml:123:27-75
144
145                <data
145-->src\main\AndroidManifest.xml:125:17-127:61
146                    android:host="@string/kakaolink_host"
146-->src\main\AndroidManifest.xml:126:21-58
147                    android:scheme="@string/kakao_scheme" />
147-->src\main\AndroidManifest.xml:127:21-58
148            </intent-filter>
149        </activity>
150        <activity
150-->src\main\AndroidManifest.xml:130:9-132:52
151            android:name="com.bene.pictures.ui.main.mypage.MypageActivity"
151-->src\main\AndroidManifest.xml:131:13-58
152            android:screenOrientation="portrait" />
152-->src\main\AndroidManifest.xml:132:13-49
153        <activity
153-->src\main\AndroidManifest.xml:133:9-135:59
154            android:name="com.bene.pictures.ui.main.msgbox.MsgDetailActivity"
154-->src\main\AndroidManifest.xml:134:13-61
155            android:theme="@style/AppTheme.Translucent" />
155-->src\main\AndroidManifest.xml:135:13-56
156        <activity
156-->src\main\AndroidManifest.xml:136:9-138:59
157            android:name="com.bene.pictures.ui.main.takereward.ReviewDetailActivity"
157-->src\main\AndroidManifest.xml:137:13-68
158            android:theme="@style/AppTheme.Translucent" />
158-->src\main\AndroidManifest.xml:138:13-56
159        <activity
159-->src\main\AndroidManifest.xml:139:9-141:73
160            android:name="com.bene.pictures.ui.main.takereward.TakeRewardActivity"
160-->src\main\AndroidManifest.xml:140:13-66
161            android:windowSoftInputMode="stateAlwaysHidden|adjustPan" />
161-->src\main\AndroidManifest.xml:141:13-70
162        <activity
162-->src\main\AndroidManifest.xml:142:9-144:59
163            android:name="com.bene.pictures.ui.main.mypage.SubscribeInfoDetailActivity"
163-->src\main\AndroidManifest.xml:143:13-71
164            android:theme="@style/AppTheme.Translucent" />
164-->src\main\AndroidManifest.xml:144:13-56
165        <activity
165-->src\main\AndroidManifest.xml:145:9-147:52
166            android:name="com.bene.pictures.ui.main.adver.SwitchingPuzzleAdverActivity"
166-->src\main\AndroidManifest.xml:146:13-71
167            android:screenOrientation="portrait" />
167-->src\main\AndroidManifest.xml:147:13-49
168        <activity
168-->src\main\AndroidManifest.xml:148:9-150:52
169            android:name="com.bene.pictures.ui.main.adver.ParingPuzzelAdverActivity"
169-->src\main\AndroidManifest.xml:149:13-68
170            android:screenOrientation="portrait" />
170-->src\main\AndroidManifest.xml:150:13-49
171        <activity
171-->src\main\AndroidManifest.xml:151:9-154:73
172            android:name="com.bene.pictures.ui.main.regadver.RegAdverActivity"
172-->src\main\AndroidManifest.xml:152:13-62
173            android:screenOrientation="portrait"
173-->src\main\AndroidManifest.xml:153:13-49
174            android:windowSoftInputMode="stateAlwaysHidden|adjustPan" />
174-->src\main\AndroidManifest.xml:154:13-70
175        <activity
175-->src\main\AndroidManifest.xml:155:9-157:52
176            android:name="com.bene.pictures.ui.main.winnner.WinnerCheckActivity"
176-->src\main\AndroidManifest.xml:156:13-64
177            android:screenOrientation="portrait" />
177-->src\main\AndroidManifest.xml:157:13-49
178        <activity
178-->src\main\AndroidManifest.xml:158:9-161:73
179            android:name="com.bene.pictures.ui.dialog.UserCheckActivity"
179-->src\main\AndroidManifest.xml:159:13-56
180            android:theme="@style/AppTheme.Translucent"
180-->src\main\AndroidManifest.xml:160:13-56
181            android:windowSoftInputMode="stateAlwaysHidden|adjustPan" />
181-->src\main\AndroidManifest.xml:161:13-70
182        <activity
182-->src\main\AndroidManifest.xml:162:9-165:59
183            android:name="com.theartofdev.edmodo.cropper.CropImageActivity"
183-->src\main\AndroidManifest.xml:163:13-76
184            android:screenOrientation="portrait"
184-->src\main\AndroidManifest.xml:164:13-49
185            android:theme="@style/Base.Theme.AppCompat" />
185-->src\main\AndroidManifest.xml:165:13-56
186
187        <!-- ####################[START FCB_receiver] #################### -->
188        <service android:name="com.bene.pictures.fcm.FirebaseMessagingService" >
188-->src\main\AndroidManifest.xml:168:9-172:19
188-->src\main\AndroidManifest.xml:168:18-62
189            <intent-filter>
189-->src\main\AndroidManifest.xml:169:13-171:29
190                <action android:name="com.google.firebase.MESSAGING_EVENT" />
190-->src\main\AndroidManifest.xml:170:17-78
190-->src\main\AndroidManifest.xml:170:25-75
191            </intent-filter>
192        </service>
193        <service android:name="com.bene.pictures.fcm.FirebaseInstanceIDService" >
193-->src\main\AndroidManifest.xml:173:9-177:19
193-->src\main\AndroidManifest.xml:173:18-63
194            <intent-filter>
194-->src\main\AndroidManifest.xml:174:13-176:29
195                <action android:name="com.google.firebase.INSTANCE_ID_EVENT" />
195-->src\main\AndroidManifest.xml:175:17-80
195-->src\main\AndroidManifest.xml:175:25-77
196            </intent-filter>
197        </service>
198
199        <provider
199-->src\main\AndroidManifest.xml:179:9-187:20
200            android:name="android.support.v4.content.FileProvider"
200-->src\main\AndroidManifest.xml:180:13-67
201            android:authorities="com.bene.pictures.provider"
201-->src\main\AndroidManifest.xml:181:13-61
202            android:exported="false"
202-->src\main\AndroidManifest.xml:182:13-37
203            android:grantUriPermissions="true" >
203-->src\main\AndroidManifest.xml:183:13-47
204            <meta-data
204-->src\main\AndroidManifest.xml:184:13-186:62
205                android:name="android.support.FILE_PROVIDER_PATHS"
205-->src\main\AndroidManifest.xml:185:17-67
206                android:resource="@xml/file_provider_path" />
206-->src\main\AndroidManifest.xml:186:17-59
207        </provider>
208
209        <activity
209-->[com.facebook.android:account-kit-sdk:5.4.0] AndroidManifest.xml:35:9-38:40
210            android:name="com.facebook.accountkit.ui.AccountKitEmailRedirectActivity"
210-->[com.facebook.android:account-kit-sdk:5.4.0] AndroidManifest.xml:36:13-86
211            android:exported="true"
211-->[com.facebook.android:account-kit-sdk:5.4.0] AndroidManifest.xml:37:13-36
212            android:noHistory="true" />
212-->[com.facebook.android:account-kit-sdk:5.4.0] AndroidManifest.xml:38:13-37
213        <!--
214             The initialization ContentProvider will call AccountKit.initialize automatically
215             with the application context. This config is merged in with the host app's manifest,
216             but there can only be one provider with the same authority activated at any given
217             point; so if the end user has two or more different apps that use AccountKit, only the
218             first one will be able to use the provider. To work around this problem, we use the
219             following placeholder in the authority to identify each host application as if it was
220             a completely different provider.
221        -->
222        <provider
222-->[com.facebook.android:account-kit-sdk:5.4.0] AndroidManifest.xml:49:9-52:40
223            android:name="com.facebook.accountkit.internal.AccountKitInitProvider"
223-->[com.facebook.android:account-kit-sdk:5.4.0] AndroidManifest.xml:50:13-83
224            android:authorities="com.bene.pictures.AccountKitInitialization"
224-->[com.facebook.android:account-kit-sdk:5.4.0] AndroidManifest.xml:51:13-76
225            android:exported="false" />
225-->[com.facebook.android:account-kit-sdk:5.4.0] AndroidManifest.xml:52:13-37
226        <!--
227             FirebaseMessagingService performs security checks at runtime,
228             no need for explicit permissions despite exported="true"
229        -->
230        <service
230-->[com.google.firebase:firebase-messaging:17.3.4] AndroidManifest.xml:28:9-34:19
231            android:name="com.google.firebase.messaging.FirebaseMessagingService"
231-->[com.google.firebase:firebase-messaging:17.3.4] AndroidManifest.xml:29:13-82
232            android:exported="true" >
232-->[com.google.firebase:firebase-messaging:17.3.4] AndroidManifest.xml:30:13-36
233            <intent-filter android:priority="-500" >
233-->src\main\AndroidManifest.xml:169:13-171:29
234                <action android:name="com.google.firebase.MESSAGING_EVENT" />
234-->src\main\AndroidManifest.xml:170:17-78
234-->src\main\AndroidManifest.xml:170:25-75
235            </intent-filter>
236        </service>
237        <service
237-->[com.google.firebase:firebase-measurement-connector-impl:17.0.4] AndroidManifest.xml:27:9-31:19
238            android:name="com.google.firebase.components.ComponentDiscoveryService"
238-->[com.google.firebase:firebase-measurement-connector-impl:17.0.4] AndroidManifest.xml:27:18-89
239            android:exported="false" >
239-->[com.google.firebase:firebase-iid:17.0.4] AndroidManifest.xml:31:13-37
240            <meta-data
240-->[com.google.firebase:firebase-measurement-connector-impl:17.0.4] AndroidManifest.xml:28:13-30:85
241                android:name="com.google.firebase.components:com.google.firebase.analytics.connector.internal.AnalyticsConnectorRegistrar"
241-->[com.google.firebase:firebase-measurement-connector-impl:17.0.4] AndroidManifest.xml:29:17-139
242                android:value="com.google.firebase.components.ComponentRegistrar" />
242-->[com.google.firebase:firebase-measurement-connector-impl:17.0.4] AndroidManifest.xml:30:17-82
243            <meta-data
243-->[com.google.firebase:firebase-iid:17.0.4] AndroidManifest.xml:32:13-34:85
244                android:name="com.google.firebase.components:com.google.firebase.iid.Registrar"
244-->[com.google.firebase:firebase-iid:17.0.4] AndroidManifest.xml:33:17-96
245                android:value="com.google.firebase.components.ComponentRegistrar" />
245-->[com.google.firebase:firebase-iid:17.0.4] AndroidManifest.xml:34:17-82
246        </service>
247
248        <receiver
248-->[com.google.firebase:firebase-analytics:16.0.6] AndroidManifest.xml:29:9-33:20
249            android:name="com.google.android.gms.measurement.AppMeasurementReceiver"
249-->[com.google.firebase:firebase-analytics:16.0.6] AndroidManifest.xml:30:13-85
250            android:enabled="true"
250-->[com.google.firebase:firebase-analytics:16.0.6] AndroidManifest.xml:31:13-35
251            android:exported="false" >
251-->[com.google.firebase:firebase-analytics:16.0.6] AndroidManifest.xml:32:13-37
252        </receiver>
253        <receiver
253-->[com.google.firebase:firebase-analytics:16.0.6] AndroidManifest.xml:34:9-42:20
254            android:name="com.google.android.gms.measurement.AppMeasurementInstallReferrerReceiver"
254-->[com.google.firebase:firebase-analytics:16.0.6] AndroidManifest.xml:35:13-100
255            android:enabled="true"
255-->[com.google.firebase:firebase-analytics:16.0.6] AndroidManifest.xml:36:13-35
256            android:exported="true"
256-->[com.google.firebase:firebase-analytics:16.0.6] AndroidManifest.xml:37:13-36
257            android:permission="android.permission.INSTALL_PACKAGES" >
257-->[com.google.firebase:firebase-analytics:16.0.6] AndroidManifest.xml:38:13-69
258            <intent-filter>
258-->[com.google.firebase:firebase-analytics:16.0.6] AndroidManifest.xml:39:13-41:29
259                <action android:name="com.android.vending.INSTALL_REFERRER" />
259-->[com.google.firebase:firebase-analytics:16.0.6] AndroidManifest.xml:40:17-79
259-->[com.google.firebase:firebase-analytics:16.0.6] AndroidManifest.xml:40:25-76
260            </intent-filter>
261        </receiver>
262
263        <service
263-->[com.google.firebase:firebase-analytics:16.0.6] AndroidManifest.xml:44:9-47:40
264            android:name="com.google.android.gms.measurement.AppMeasurementService"
264-->[com.google.firebase:firebase-analytics:16.0.6] AndroidManifest.xml:45:13-84
265            android:enabled="true"
265-->[com.google.firebase:firebase-analytics:16.0.6] AndroidManifest.xml:46:13-35
266            android:exported="false" />
266-->[com.google.firebase:firebase-analytics:16.0.6] AndroidManifest.xml:47:13-37
267        <service
267-->[com.google.firebase:firebase-analytics:16.0.6] AndroidManifest.xml:48:9-52:72
268            android:name="com.google.android.gms.measurement.AppMeasurementJobService"
268-->[com.google.firebase:firebase-analytics:16.0.6] AndroidManifest.xml:49:13-87
269            android:enabled="true"
269-->[com.google.firebase:firebase-analytics:16.0.6] AndroidManifest.xml:50:13-35
270            android:exported="false"
270-->[com.google.firebase:firebase-analytics:16.0.6] AndroidManifest.xml:51:13-37
271            android:permission="android.permission.BIND_JOB_SERVICE" />
271-->[com.google.firebase:firebase-analytics:16.0.6] AndroidManifest.xml:52:13-69
272
273        <receiver
273-->[com.google.firebase:firebase-iid:17.0.4] AndroidManifest.xml:37:9-44:20
274            android:name="com.google.firebase.iid.FirebaseInstanceIdReceiver"
274-->[com.google.firebase:firebase-iid:17.0.4] AndroidManifest.xml:38:13-78
275            android:exported="true"
275-->[com.google.firebase:firebase-iid:17.0.4] AndroidManifest.xml:39:13-36
276            android:permission="com.google.android.c2dm.permission.SEND" >
276-->[com.google.firebase:firebase-iid:17.0.4] AndroidManifest.xml:40:13-73
277            <intent-filter>
277-->[com.google.firebase:firebase-iid:17.0.4] AndroidManifest.xml:41:13-43:29
278                <action android:name="com.google.android.c2dm.intent.RECEIVE" />
278-->[com.google.firebase:firebase-iid:17.0.4] AndroidManifest.xml:42:17-81
278-->[com.google.firebase:firebase-iid:17.0.4] AndroidManifest.xml:42:25-78
279            </intent-filter>
280        </receiver>
281        <!--
282             FirebaseInstanceIdService performs security checks at runtime,
283             no need for explicit permissions despite exported="true"
284        -->
285        <service
285-->[com.google.firebase:firebase-iid:17.0.4] AndroidManifest.xml:50:9-56:19
286            android:name="com.google.firebase.iid.FirebaseInstanceIdService"
286-->[com.google.firebase:firebase-iid:17.0.4] AndroidManifest.xml:51:13-77
287            android:exported="true" >
287-->[com.google.firebase:firebase-iid:17.0.4] AndroidManifest.xml:52:13-36
288            <intent-filter android:priority="-500" >
288-->src\main\AndroidManifest.xml:174:13-176:29
289                <action android:name="com.google.firebase.INSTANCE_ID_EVENT" />
289-->src\main\AndroidManifest.xml:175:17-80
289-->src\main\AndroidManifest.xml:175:25-77
290            </intent-filter>
291        </service>
292
293        <provider
293-->[com.google.firebase:firebase-common:16.0.3] AndroidManifest.xml:10:9-14:39
294            android:name="com.google.firebase.provider.FirebaseInitProvider"
294-->[com.google.firebase:firebase-common:16.0.3] AndroidManifest.xml:11:13-77
295            android:authorities="com.bene.pictures.firebaseinitprovider"
295-->[com.google.firebase:firebase-common:16.0.3] AndroidManifest.xml:12:13-72
296            android:exported="false"
296-->[com.google.firebase:firebase-common:16.0.3] AndroidManifest.xml:13:13-37
297            android:initOrder="100" />
297-->[com.google.firebase:firebase-common:16.0.3] AndroidManifest.xml:14:13-36
298
299        <activity
299-->[com.google.android.gms:play-services-auth:16.0.1] AndroidManifest.xml:23:9-27:75
300            android:name="com.google.android.gms.auth.api.signin.internal.SignInHubActivity"
300-->[com.google.android.gms:play-services-auth:16.0.1] AndroidManifest.xml:24:13-93
301            android:excludeFromRecents="true"
301-->[com.google.android.gms:play-services-auth:16.0.1] AndroidManifest.xml:25:13-46
302            android:exported="false"
302-->[com.google.android.gms:play-services-auth:16.0.1] AndroidManifest.xml:26:13-37
303            android:theme="@android:style/Theme.Translucent.NoTitleBar" />
303-->[com.google.android.gms:play-services-auth:16.0.1] AndroidManifest.xml:27:13-72
304        <!--